<?xml version="1.0" encoding="ISO-8859-1"?><waet xmlns:xsi="http://www.w3.org/2001/XMLSchema-instance" xsi:noNamespaceSchemaLocation="test-schema.xsd"><setup interface="AB" playOne="true"><exitText>Thank you.</exitText><calibration checkFrequencies="false" checkLevels="false" checkChannels="false"/><survey location="pre" showBackButton="true"/><survey location="post" showBackButton="true"/><metric><metricenable>testTimer</metricenable></metric><interface><interfaceoption name="volume" type="show"/><interfaceoption name="playhead" type="show"/><interfaceoption name="page-count" type="show"/></interface></setup><page id="EBYTp1" hostURL="FYP_audio/" randomiseOrder="true" label="capital" labelStart="A"><commentboxprefix>Comment on track</commentboxprefix><interface><title>Example Song 1</title><interfaceoption name="fragmentPlayed" type="check"/></interface><audioelement url="EBYT_DYLANMIX.wav" sampleRate="44100" id="EBYT_DYLAN_MIX_p1" gain="0" label="" name="DYLAN MIX (EBYT)"/><audioelement url="EBYT_NO EQ.wav" sampleRate="44100" id="EBYT_NO_EQ_p1" gain="0" label="" name="NO EQ (EBYT)"/><survey location="pre" showBackButton="true"/><survey location="post" showBackButton="true"/></page><page id="EBYTp2" hostURL="FYP_audio/" randomiseOrder="true" label="capital" labelStart="A"><commentboxprefix>Comment on track</commentboxprefix><interface><title>Example Song 1</title></interface><audioelement url="EBYT_NO EQ.wav" sampleRate="44100" id="EBYT_NO_EQ_p2" gain="0" label="" name="NO EQ (EBYT)"/><audioelement url="DevilsWords_DYLANMIX.wav" sampleRate="44100" id="EBYT_FYP_MIX_p2" gain="0" label="" name="FYP MIX (EBYT)"/><survey location="pre" showBackButton="true"/><survey location="post" showBackButton="true"/></page><page id="EBYTp3" hostURL="FYP_audio/" randomiseOrder="true" label="capital" labelStart="A"><commentboxprefix>Comment on track</commentboxprefix><interface><title>Example Song 1</title></interface><audioelement url="EBYT_DYLANMIX.wav" sampleRate="44100" id="EBYT_DYLAN_MIX_p3" gain="0" name="DYLAN MIX (EBYT)"/><audioelement url="DevilsWords_DYLANMIX.wav" sampleRate="44100" id="EBYT_FYP_MIX_p3" gain="0" name="FYP MIX (EBYT)"/><survey location="pre" showBackButton="true"/><survey location="post" showBackButton="true"/></page></waet>