<?xml version="1.0" encoding="ISO-8859-1"?><waet xmlns:xsi="http://www.w3.org/2001/XMLSchema-instance" xsi:noNamespaceSchemaLocation="test-schema.xsd"><setup interface="AB" projectReturn="" returnURL="" randomiseOrder="false" poolSize="0" crossFade="0" randomiseAxisOrder="false" preSilence="0" postSilence="0" playOne="true" minNumberPlays="0"><exitText>Thank you for completing this test! :)</exitText><calibration checkFrequencies="false" checkLevels="false" checkChannels="false"/><survey location="pre" showBackButton="true"><surveyquestion id="name" mandatory="true" boxsize="normal"><statement>What is your name?</statement></surveyquestion><surveyradio id="skill" mandatory="true"><statement>Are you a music producer / engineer?</statement><option name="y">Yes.</option><option name="n">No.</option></surveyradio><surveyradio id="production_level"><statement>If yes, how long have you been doing production or engineering?</statement><option name="low">0-1 years.</option><option name="minimal">1-3</option><option name="expected_average">3-5</option><option name="above_average">5-7</option><option name="excellent">7-9</option><option name="exceptional">10+</option></surveyradio><surveyquestion id="alt_profession" boxsize="normal"><statement>If no, what profession do you have?</statement></surveyquestion></survey><survey location="post" showBackButton="true"><surveyquestion id="comments_post_test" mandatory="true" boxsize="large"><statement>Any final comments?</statement></surveyquestion></survey><metric><metricenable>testTimer</metricenable></metric><interface><interfaceoption type="show" name="volume"/><interfaceoption type="show" name="playhead"/><interfaceoption type="show" name="page-count"/><interfaceoption type="check" name="fragmentPlayed"/></interface></setup><page id="midnights_p1" hostURL="FYP_audio/" randomiseOrder="true" repeatCount="0" loop="false" synchronous="false" label="capital" labelStart="A" poolSize="0" alwaysInclude="false" preSilence="0" postSilence="0" playOne="false" restrictMovement="false" minNumberPlays="0"><commentboxprefix>Comment on track</commentboxprefix><interface name="DRY VS USER MIX - Midnights"><title>Song Mix 1 - Listening A</title></interface><audioelement url="Midnights_DYLANMIX.wav" sampleRate="44100" id="midnights_user_mix_p1" gain="0" label="" name="DYLAN MIX (EBYT)" type="normal" alwaysInclude="false" preSilence="0" postSilence="0" minNumberPlays="0"/><audioelement url="Midnights_NO EQ.wav" sampleRate="44100" id="midnights_no_eq_p1" gain="0" label="" name="NO EQ (EBYT)" type="normal" alwaysInclude="false" preSilence="0" postSilence="0" minNumberPlays="0"/><survey location="pre" showBackButton="true"/><survey location="post" showBackButton="true"/></page><page id="midnights_p2" hostURL="FYP_audio/" randomiseOrder="true" repeatCount="0" loop="false" synchronous="false" label="capital" labelStart="A" poolSize="0" alwaysInclude="false" preSilence="0" postSilence="0" playOne="false" restrictMovement="false" minNumberPlays="0"><commentboxprefix>Comment on track</commentboxprefix><interface name="DRY VS FYP MIX - MIDNIGHTS"><title>Song Mix 1 - Listening B</title></interface><audioelement url="Midnights_NO EQ.wav" sampleRate="44100" id="midnights_no_eq_p2" gain="0" label="" name="NO EQ (EBYT)" type="normal" alwaysInclude="false" preSilence="0" postSilence="0" minNumberPlays="0"/><audioelement url="DevilsWords_DYLANMIX.wav" sampleRate="44100" id="midnights_fyp_p2" gain="0" label="" name="FYP MIX (EBYT)" type="normal" alwaysInclude="false" preSilence="0" postSilence="0" minNumberPlays="0"/><survey location="pre" showBackButton="true"/><survey location="post" showBackButton="true"/></page><page id="midnights_p3" hostURL="FYP_audio/" randomiseOrder="true" repeatCount="0" loop="false" synchronous="false" label="capital" labelStart="A" poolSize="0" alwaysInclude="false" preSilence="0" postSilence="0" playOne="false" restrictMovement="false" minNumberPlays="0"><commentboxprefix>Comment on track</commentboxprefix><interface name="USER MIX VS FYP MIX - MIDNIGHTS"><title>Song Mix 1 - Listening C</title></interface><audioelement url="Midnights_DYLANMIX.wav" sampleRate="44100" id="midnights_user_mix_p3" gain="0" label="" name="DYLAN MIX (EBYT)" type="normal" alwaysInclude="false" preSilence="0" postSilence="0" minNumberPlays="0"/><audioelement url="DevilsWords_DYLANMIX.wav" sampleRate="44100" id="midnights_fyp_mix_p3" gain="0" label="" name="FYP MIX (EBYT)" type="normal" alwaysInclude="false" preSilence="0" postSilence="0" minNumberPlays="0"/><survey location="pre" showBackButton="true"/><survey location="post" showBackButton="true"/></page><page id="EBYT_p1" hostURL="FYP_audio/" randomiseOrder="true" label="capital" labelStart="A"><commentboxprefix>Comment on track</commentboxprefix><interface name="NO EQ VS FYP MIX - EBYT"><title>Song Mix 2 - Comparison A</title></interface><audioelement url="EBYT_NO EQ.wav" sampleRate="44100" id="EBYT_no_eq_p1" gain="0" name="EBYT_NO_EQ_P1"/><audioelement url="DevilsWords_DYLANMIX.wav" sampleRate="44100" id="EBYT_fyp_mix_p1" gain="0" name="EBYT_FYP_MIX_P1"/><survey location="pre" showBackButton="true"/><survey location="post" showBackButton="true"/></page><page id="EBYT_p2" hostURL="FYP_audio/" label="capital" labelStart="A"><commentboxprefix>Comment on track</commentboxprefix><interface name="FYP VS USER MIX - EBYT"><title>Song Mix 2 - Comparison B</title></interface><audioelement url="DevilsWords_DYLANMIX.wav" sampleRate="44100" id="EBYT_fyp_mix_p2" gain="0" name="EBYT_FYP_MIX_P2"/><audioelement url="EBYT_DYLANMIX.wav" sampleRate="44100" id="EBYT_user_mix_p2" gain="0" name="EBYT_USER_MIX_P2"/><survey location="pre" showBackButton="true"/><survey location="post" showBackButton="true"/></page><page id="EBYT_p3" hostURL="FYP_audio/" label="capital" labelStart="A"><commentboxprefix>Comment on track</commentboxprefix><interface name="NO EQ VS USER MIX - EBYT"><title>Song Mix 2 - Comparison C</title></interface><audioelement url="EBYT_NO EQ.wav" sampleRate="44100" id="EBYT_no_eq_p3" gain="0" name="EBYT_NO_EQ_P3"/><audioelement url="EBYT_DYLANMIX.wav" sampleRate="44100" id="EBYT_user_mix_p3" gain="0" name="EBYT_USER_MIX_P3"/><survey location="pre" showBackButton="true"/><survey location="post" showBackButton="true"/></page><page id="DevilsWords_p1" hostURL="FYP_audio/" label="capital" labelStart="A"><commentboxprefix>Comment on track</commentboxprefix><interface name="FYP VS USER MIX - DevilsWords"><title>Song Mix 3 - Comparison A</title></interface><audioelement url="EBYT_DYLANMIX.wav" sampleRate="44100" id="DevilsWords_fyp_mix_p1" gain="0" name="DevilsWords_FYP_MIX_P1"/><audioelement url="DevilsWords_DYLANMIX.wav" sampleRate="44100" id="DevilsWords_user_mix_p1" gain="0" name="DevilsWords_USER_MIX_P1"/><survey location="pre" showBackButton="true"/><survey location="post" showBackButton="true"/></page><page id="DevilsWords_p2" hostURL="FYP_audio/" label="capital" labelStart="A"><commentboxprefix>Comment on track</commentboxprefix><interface name="NO EQ VS FYP MIX - DevilsWords"><title>Song 3 Mix - Comparison B</title></interface><audioelement url="DevilsWords_NO EQ.wav" sampleRate="44100" id="DevilsWords_no_eq_p2" gain="0" name="DevilsWords_NO_EQ_P2"/><audioelement url="EBYT_DYLANMIX.wav" sampleRate="44100" id="DevilsWords_fyp_mix_p2" gain="0" name="DevilsWords_FYP_MIX_P2"/><survey location="pre" showBackButton="true"/><survey location="post" showBackButton="true"/></page><page id="DevilsWords_p3" hostURL="FYP_audio/" label="capital" labelStart="A"><commentboxprefix>Comment on track</commentboxprefix><interface name="NO EQ VS USER MIX - DevilsWords"><title>Song 3 Mix - Comparison C</title></interface><audioelement url="DevilsWords_NO EQ.wav" sampleRate="44100" id="DevilsWords_no_eq_p3" gain="0" name="DevilsWords_NO_EQ_P3"/><audioelement url="DevilsWords_DYLANMIX.wav" sampleRate="44100" id="DevilsWords_user_mix_p3" gain="0" name="DevilsWords_USER_MIX_P3"/><survey location="pre" showBackButton="true"/><survey location="post" showBackButton="true"/></page></waet>