<?xml version="1.0" encoding="ISO-8859-1"?><waet xmlns:xsi="http://www.w3.org/2001/XMLSchema-instance" xsi:noNamespaceSchemaLocation="test-schema.xsd"><setup interface="AB" projectReturn="" returnURL="" randomiseOrder="false" poolSize="0" crossFade="0" randomiseAxisOrder="false" preSilence="0" postSilence="0" playOne="true" minNumberPlays="0"><exitText>Thank you for completing this test! :)</exitText><calibration checkFrequencies="false" checkLevels="false" checkChannels="false"/><survey location="pre" showBackButton="true"><surveyquestion id="name" mandatory="true" boxsize="normal"><statement>What is your name?</statement></surveyquestion><surveyradio id="skill" mandatory="true"><statement>Are you a music producer / engineer?</statement><option name="y">Yes.</option><option name="n">No.</option></surveyradio><surveycheckbox id="production_level" min="0" max="NaN"><statement>If yes, how long have you been doing production or engineering?</statement><option name="low">0-1 years.</option><option name="minimal">1-3</option><option name="expected_average">3-5</option><option name="above_average">5-7</option><option name="excellent">7-9</option><option name="exceptional">10+</option></surveycheckbox><surveyquestion id="alt_profession" boxsize="normal"><statement>If no, what profession do you have?</statement></surveyquestion></survey><survey location="post" showBackButton="true"/><metric><metricenable>testTimer</metricenable></metric><interface><interfaceoption type="show" name="volume"/><interfaceoption type="show" name="playhead"/><interfaceoption type="show" name="page-count"/><interfaceoption type="check" name="fragmentPlayed"/></interface></setup><page id="EBYTp1" hostURL="FYP_audio/" randomiseOrder="true" repeatCount="0" loop="false" synchronous="false" label="capital" labelStart="A" poolSize="0" alwaysInclude="false" preSilence="0" postSilence="0" playOne="false" restrictMovement="false" minNumberPlays="0"><commentboxprefix>Comment on track</commentboxprefix><interface name="DRY VS HUMAN MIX - EBYT"><title>Song Mix 1 - Listening A</title></interface><audioelement url="EBYT_DYLANMIX.wav" sampleRate="44100" id="EBYT_DYLAN_MIX_p1" gain="0" label="" name="DYLAN MIX (EBYT)" type="normal" alwaysInclude="false" preSilence="0" postSilence="0" minNumberPlays="0"/><audioelement url="EBYT_NO EQ.wav" sampleRate="44100" id="EBYT_NO_EQ_p1" gain="0" label="" name="NO EQ (EBYT)" type="normal" alwaysInclude="false" preSilence="0" postSilence="0" minNumberPlays="0"/><survey location="pre" showBackButton="true"/><survey location="post" showBackButton="true"/></page><page id="EBYTp2" hostURL="FYP_audio/" randomiseOrder="true" repeatCount="0" loop="false" synchronous="false" label="capital" labelStart="A" poolSize="0" alwaysInclude="false" preSilence="0" postSilence="0" playOne="false" restrictMovement="false" minNumberPlays="0"><commentboxprefix>Comment on track</commentboxprefix><interface name="DRY VS FYP MIX - EBYT"><title>Song Mix 1 - Listening B</title></interface><audioelement url="EBYT_NO EQ.wav" sampleRate="44100" id="EBYT_NO_EQ_p2" gain="0" label="" name="NO EQ (EBYT)" type="normal" alwaysInclude="false" preSilence="0" postSilence="0" minNumberPlays="0"/><audioelement url="DevilsWords_DYLANMIX.wav" sampleRate="44100" id="EBYT_FYP_MIX_p2" gain="0" label="" name="FYP MIX (EBYT)" type="normal" alwaysInclude="false" preSilence="0" postSilence="0" minNumberPlays="0"/><survey location="pre" showBackButton="true"/><survey location="post" showBackButton="true"/></page><page id="EBYTp3" hostURL="FYP_audio/" randomiseOrder="true" repeatCount="0" loop="false" synchronous="false" label="capital" labelStart="A" poolSize="0" alwaysInclude="false" preSilence="0" postSilence="0" playOne="false" restrictMovement="false" minNumberPlays="0"><commentboxprefix>Comment on track</commentboxprefix><interface><title>Song Mix 1 - Listening C</title></interface><audioelement url="EBYT_DYLANMIX.wav" sampleRate="44100" id="EBYT_DYLAN_MIX_p3" gain="0" label="" name="DYLAN MIX (EBYT)" type="normal" alwaysInclude="false" preSilence="0" postSilence="0" minNumberPlays="0"/><audioelement url="DevilsWords_DYLANMIX.wav" sampleRate="44100" id="EBYT_FYP_MIX_p3" gain="0" label="" name="FYP MIX (EBYT)" type="normal" alwaysInclude="false" preSilence="0" postSilence="0" minNumberPlays="0"/><survey location="pre" showBackButton="true"/><survey location="post" showBackButton="true"/></page></waet>